--------------------------------
XHANDLER  INFORM


EXCEPTION OCCURED
MEMORY ACCESS VIOLATION AT LOCATION 0x40F421

Registers:
EAX=0019f1c4  CS=0023  EIP=0040f421  EFLAGS=00010206
EBX=006b67b0  SS=002b  ESP=0019f118  EBP=0019f12c
ECX=000000f0  DS=002b  ESI=0019f1ec  FS=0053
EDX=3f7c1412  ES=002b  EDI=0019f1d8  GS=002b

Bytes at CS::EIP:
89 11 8b 50 04 89 51 04 8b 50 08 89 51 08 8b 40 

Stack dump:
cccccccc cccccccc cccccccc cccccccc 00000000 0019f1d8 004083d1 0019f1c4
0019f23c cccccccc cccccccc cccccccc cccccccc cccccccc cccccccc cccccccc
cccccccc cccccccc cccccccc cccccccc cccccccc cccccccc cccccccc cccccccc
cccccccc cccccccc cccccccc cccccccc cccccccc cccccccc cccccccc cccccccc

Call stack:
0023:0040F421 (0x0019F1C4 0x0019F23C 0xCCCCCCCC 0xCCCCCCCC) EffectToolDBG.exe, cTileMap::SetDiffuse()+465 byte(s), c:\windows.old-windows-7\users\dilesoft\documents\git\vistaengineprivate_maelstrom\render\src\tilemap.h, line 148+14 byte(s)
0023:004083D1 (0x02E66548 0x0019F23C 0x004448C4 0x0019F3B8) EffectToolDBG.exe, CD3DScene::SetPreset()+113 byte(s), c:\windows.old-windows-7\users\dilesoft\documents\git\vistaengineprivate_maelstrom\effecttool\d3dscene.cpp, line 454
0023:00445718 (0x0019F3B8 0x010568C0 0x0000001F 0x00000021) EffectToolDBG.exe, CMainFrame::OnToolsEnablePreset()+24 byte(s), c:\windows.old-windows-7\users\dilesoft\documents\git\vistaengineprivate_maelstrom\effecttool\mainfrm.cpp, line 375
0023:004448C4 (0x0019F5F8 0x0000000C 0x02E66548 0x00000000) EffectToolDBG.exe, CMainFrame::OnCreate()+548 byte(s), c:\windows.old-windows-7\users\dilesoft\documents\git\vistaengineprivate_maelstrom\effecttool\mainfrm.cpp, line 157
0023:006B9337 (0x00000001 0x00000000 0x0019F5F8 0x0019F354) EffectToolDBG.exe, CWnd::OnWndMsg()+1847 byte(s), f:\vs70builds\3077\vc\mfcatl\ship\atlmfc\src\mfc\wincore.cpp, line 2009+13 byte(s)
0023:006B8BCE (0x00000001 0x00000000 0x0019F5F8 0x00000001) EffectToolDBG.exe, CWnd::WindowProc()+46 byte(s), f:\vs70builds\3077\vc\mfcatl\ship\atlmfc\src\mfc\wincore.cpp, line 1745+30 byte(s)
0023:006B6370 (0x02E66548 0x000D0ECE 0x00000001 0x00000000) EffectToolDBG.exe, AfxCallWndProc()+224 byte(s), f:\vs70builds\3077\vc\mfcatl\ship\atlmfc\src\mfc\wincore.cpp, line 241+26 byte(s)
0023:006B684E (0x000D0ECE 0x00000001 0x00000000 0x0019F5F8) EffectToolDBG.exe, AfxWndProc()+158 byte(s), f:\vs70builds\3077\vc\mfcatl\ship\atlmfc\src\mfc\wincore.cpp, line 389
0023:76A9110B (0x006B67B0 0x000D0ECE 0x00000001 0x00000000) USER32.dll, AddClipboardFormatListener()+75 byte(s)
0023:76A880CA (0x006B67B0 0x00000000 0x00000001 0x00000000) USER32.dll, GetClassLongW()+1962 byte(s)
0023:76A87CCA (0x01B0E800 0x00000000 0x00000001 0x00000000) USER32.dll, GetClassLongW()+938 byte(s)
0023:76A8EFA9 (0x0019F5CC 0x00000068 0x0019FB44 0x77C54DD0) USER32.dll, GetDC()+137 byte(s)
0023:77C54E9D (0x0019F988 0x00CFC000 0x80000000 0x80000000) ntdll.dll, KiUserCallbackDispatcher()+77 byte(s)
0023:76A7F8C7 (0x02E65BB8 0x00CFC000 0x80000000 0x80000000) USER32.dll, CreateWindowExW()+359 byte(s)
0023:76A786B8 (0x00000200 0x010568C8 0x02E65BB8 0x00CFC000) USER32.dll, CreateWindowExA()+56 byte(s)
0023:006B70FA (0x00000000 0x010568C8 0x02E65BB8 0x00CF8000) EffectToolDBG.exe, CWnd::CreateEx()+186 byte(s), f:\vs70builds\3077\vc\mfcatl\ship\atlmfc\src\mfc\wincore.cpp, line 692+54 byte(s)
0023:006F258B (0x010568C8 0x02E65BB8 0x00CF8000 0x00CD3DA0) EffectToolDBG.exe, CFrameWnd::Create()+219 byte(s), f:\vs70builds\3077\vc\mfcatl\ship\atlmfc\src\mfc\winfrm.cpp, line 567+82 byte(s)
0023:006F2A70 (0x00000080 0x00CF8000 0x00000000 0x0019FB8C) EffectToolDBG.exe, CFrameWnd::LoadFrame()+304 byte(s), f:\vs70builds\3077\vc\mfcatl\ship\atlmfc\src\mfc\winfrm.cpp, line 698+51 byte(s)
0023:006D9B10 (0x02E657F8 0x00000000 0x0019FBC8 0x02E65458) EffectToolDBG.exe, CDocTemplate::CreateNewFrame()+384 byte(s), f:\vs70builds\3077\vc\mfcatl\ship\atlmfc\src\mfc\doctempl.cpp, line 275+32 byte(s)
0023:006D7D20 (0x00000000 0x00000001 0x02E65700 0x02E65754) EffectToolDBG.exe, CSingleDocTemplate::OpenDocumentFile()+352 byte(s), f:\vs70builds\3077\vc\mfcatl\ship\atlmfc\src\mfc\docsingl.cpp, line 128+17 byte(s)
0023:006EA82E (0x00BA2EB8 0x0019FCE8 0x006BFFDC 0x00000000) EffectToolDBG.exe, CDocManager::OnFileNew()+334 byte(s), f:\vs70builds\3077\vc\mfcatl\ship\atlmfc\src\mfc\docmgr.cpp, line 854
0023:006DEBF1 (0x00000000 0x0040CFF8 0x00CF2C3C 0x0078AD00) EffectToolDBG.exe, CWinApp::OnFileNew()+33 byte(s), f:\vs70builds\3077\vc\mfcatl\ship\atlmfc\src\mfc\appdlg.cpp, line 25
0023:006BFFDC (0x00BA2EB8 0x0000E100 0x00000000 0x006DEBD0) EffectToolDBG.exe, _AfxDispatchCmdMsg()+156 byte(s), f:\vs70builds\3077\vc\mfcatl\ship\atlmfc\src\mfc\cmdtarg.cpp, line 89
0023:006C0615 (0x0000E100 0x00000000 0x00000000 0x00000000) EffectToolDBG.exe, CCmdTarget::OnCmdMsg()+645 byte(s), f:\vs70builds\3077\vc\mfcatl\ship\atlmfc\src\mfc\cmdtarg.cpp, line 396+39 byte(s)
0023:00718D00 (0x0019FDC0 0x00631CF0 0x02E65458 0xCCCCCCCC) EffectToolDBG.exe, CWinApp::ProcessShellCommand()+96 byte(s), f:\vs70builds\3077\vc\mfcatl\ship\atlmfc\src\mfc\appui2.cpp, line 27+30 byte(s)
0023:00436C47 (0x00000000 0x0108F9E8 0x0019FE1C 0x0060CF20) EffectToolDBG.exe, CEffectToolApp::InitInstance()+247 byte(s), c:\windows.old-windows-7\users\dilesoft\documents\git\vistaengineprivate_maelstrom\effecttool\effecttool.cpp, line 95+12 byte(s)
0023:006CAFB7 (0x00400000 0x00000000 0x0104324F 0x00000001) EffectToolDBG.exe, AfxWinMain()+119 byte(s), f:\vs70builds\3077\vc\mfcatl\ship\atlmfc\src\mfc\winmain.cpp, line 39+11 byte(s)
0023:006931D8 (0x00400000 0x00000000 0x0104324F 0x00000001) EffectToolDBG.exe, WinMain()+24 byte(s), f:\vs70builds\3077\vc\mfcatl\ship\atlmfc\src\mfc\appmodul.cpp, line 25
0023:00631E97 (0x00297000 0x763EFA10 0x0019FFDC 0x77C47A9E) EffectToolDBG.exe, WinMainCRTStartup()+423 byte(s), f:\vs70builds\3077\vc\crtbld\crt\src\crt0.c, line 251+48 byte(s)
0023:763EFA29 (0x00297000 0xC83511E5 0x00000000 0x00000000) KERNEL32.DLL, BaseThreadInitThunk()+25 byte(s)
0023:77C47A9E (0xFFFFFFFF 0x77C68B9B 0x00000000 0x00000000) ntdll.dll, RtlGetAppContainerNamedObjectPath()+286 byte(s)
0023:77C47A6E (0x00631CF0 0x00297000 0x00000000 0x78746341) ntdll.dll, RtlGetAppContainerNamedObjectPath()+238 byte(s)

--------------------------------
